{"/Users/jodie.doubleday/Documents/GitHub/ui-toolkit/src/components/alert/alert.jsx":{"path":"/Users/jodie.doubleday/Documents/GitHub/ui-toolkit/src/components/alert/alert.jsx","s":{"1":1,"2":1,"3":1,"4":9,"5":9},"b":{"1":[2,7]},"f":{"1":9},"fnMap":{"1":{"name":"render","line":15,"loc":{"start":{"line":15,"column":10},"end":{"line":15,"column":28}}}},"statementMap":{"1":{"start":{"line":2,"column":0},"end":{"line":2,"column":29}},"2":{"start":{"line":3,"column":0},"end":{"line":3,"column":39}},"3":{"start":{"line":5,"column":0},"end":{"line":32,"column":3}},"4":{"start":{"line":16,"column":4},"end":{"line":16,"column":85}},"5":{"start":{"line":17,"column":4},"end":{"line":30,"column":6}}},"branchMap":{"1":{"line":20,"type":"cond-expr","locations":[{"start":{"line":20,"column":25},"end":{"line":24,"column":7}},{"start":{"line":24,"column":10},"end":{"line":24,"column":12}}]}}},"/Users/jodie.doubleday/Documents/GitHub/ui-toolkit/src/components/anchor/anchor.jsx":{"path":"/Users/jodie.doubleday/Documents/GitHub/ui-toolkit/src/components/anchor/anchor.jsx","s":{"1":1,"2":0,"3":0,"4":0,"5":0,"6":0,"7":0,"8":1,"9":1,"10":1,"11":1,"12":14,"13":1,"14":13,"15":13},"b":{"1":[1,0],"2":[0,0],"3":[1,13]},"f":{"1":0,"2":1,"3":14},"fnMap":{"1":{"name":"(anonymous_1)","line":4,"loc":{"start":{"line":4,"column":32},"end":{"line":4,"column":50}},"skip":true},"2":{"name":"getDefaultProps","line":14,"loc":{"start":{"line":14,"column":19},"end":{"line":14,"column":46}}},"3":{"name":"render","line":31,"loc":{"start":{"line":31,"column":10},"end":{"line":31,"column":28}}}},"statementMap":{"1":{"start":{"line":4,"column":0},"end":{"line":4,"column":257},"skip":true},"2":{"start":{"line":4,"column":52},"end":{"line":4,"column":239},"skip":true},"3":{"start":{"line":4,"column":97},"end":{"line":4,"column":123},"skip":true},"4":{"start":{"line":4,"column":124},"end":{"line":4,"column":237},"skip":true},"5":{"start":{"line":4,"column":150},"end":{"line":4,"column":235},"skip":true},"6":{"start":{"line":4,"column":207},"end":{"line":4,"column":233},"skip":true},"7":{"start":{"line":4,"column":240},"end":{"line":4,"column":254},"skip":true},"8":{"start":{"line":6,"column":0},"end":{"line":6,"column":29}},"9":{"start":{"line":7,"column":0},"end":{"line":7,"column":65}},"10":{"start":{"line":9,"column":0},"end":{"line":42,"column":3}},"11":{"start":{"line":15,"column":4},"end":{"line":18,"column":6}},"12":{"start":{"line":32,"column":4},"end":{"line":34,"column":5}},"13":{"start":{"line":33,"column":6},"end":{"line":33,"column":18}},"14":{"start":{"line":35,"column":4},"end":{"line":35,"column":59}},"15":{"start":{"line":36,"column":4},"end":{"line":40,"column":6}}},"branchMap":{"1":{"line":4,"type":"binary-expr","locations":[{"start":{"line":4,"column":15},"end":{"line":4,"column":28},"skip":true},{"start":{"line":4,"column":32},"end":{"line":4,"column":256},"skip":true}]},"2":{"line":4,"type":"if","locations":[{"start":{"line":4,"column":150},"end":{"line":4,"column":150},"skip":true},{"start":{"line":4,"column":150},"end":{"line":4,"column":150},"skip":true}]},"3":{"line":32,"type":"if","locations":[{"start":{"line":32,"column":4},"end":{"line":32,"column":4}},{"start":{"line":32,"column":4},"end":{"line":32,"column":4}}]}}},"/Users/jodie.doubleday/Documents/GitHub/ui-toolkit/src/components/basket-item/basket-item.jsx":{"path":"/Users/jodie.doubleday/Documents/GitHub/ui-toolkit/src/components/basket-item/basket-item.jsx","s":{"1":1,"2":1,"3":1,"4":14,"5":1,"6":1,"7":15,"8":10,"9":5,"10":3,"11":2,"12":15,"13":11,"14":4,"15":1,"16":3,"17":15,"18":14,"19":1,"20":15,"21":15,"22":15},"b":{"1":[10,5],"2":[3,2],"3":[5,3],"4":[11,4],"5":[1,3],"6":[14,1],"7":[13,2],"8":[15,3]},"f":{"1":14,"2":1,"3":1,"4":15,"5":15,"6":15,"7":15},"fnMap":{"1":{"name":"getInitialState","line":18,"loc":{"start":{"line":18,"column":19},"end":{"line":18,"column":46}}},"2":{"name":"getDefaultProps","line":23,"loc":{"start":{"line":23,"column":19},"end":{"line":23,"column":46}}},"3":{"name":"toggleDescriptionVisibility","line":34,"loc":{"start":{"line":34,"column":31},"end":{"line":34,"column":70}}},"4":{"name":"titleNode","line":37,"loc":{"start":{"line":37,"column":13},"end":{"line":37,"column":34}}},"5":{"name":"priceNode","line":47,"loc":{"start":{"line":47,"column":13},"end":{"line":47,"column":34}}},"6":{"name":"removeNode","line":67,"loc":{"start":{"line":67,"column":14},"end":{"line":67,"column":36}}},"7":{"name":"render","line":75,"loc":{"start":{"line":75,"column":10},"end":{"line":75,"column":28}}}},"statementMap":{"1":{"start":{"line":2,"column":0},"end":{"line":2,"column":29}},"2":{"start":{"line":3,"column":0},"end":{"line":3,"column":34}},"3":{"start":{"line":5,"column":0},"end":{"line":113,"column":3}},"4":{"start":{"line":19,"column":4},"end":{"line":21,"column":6}},"5":{"start":{"line":24,"column":4},"end":{"line":32,"column":6}},"6":{"start":{"line":35,"column":4},"end":{"line":35,"column":80}},"7":{"start":{"line":38,"column":4},"end":{"line":38,"column":47}},"8":{"start":{"line":38,"column":35},"end":{"line":38,"column":47}},"9":{"start":{"line":40,"column":4},"end":{"line":44,"column":6}},"10":{"start":{"line":40,"column":81},"end":{"line":44,"column":6}},"11":{"start":{"line":45,"column":4},"end":{"line":45,"column":28}},"12":{"start":{"line":48,"column":4},"end":{"line":48,"column":47}},"13":{"start":{"line":48,"column":35},"end":{"line":48,"column":47}},"14":{"start":{"line":49,"column":4},"end":{"line":51,"column":5}},"15":{"start":{"line":50,"column":6},"end":{"line":50,"column":33}},"16":{"start":{"line":52,"column":4},"end":{"line":65,"column":6}},"17":{"start":{"line":68,"column":4},"end":{"line":68,"column":54}},"18":{"start":{"line":68,"column":42},"end":{"line":68,"column":54}},"19":{"start":{"line":69,"column":4},"end":{"line":73,"column":6}},"20":{"start":{"line":76,"column":4},"end":{"line":76,"column":37}},"21":{"start":{"line":77,"column":4},"end":{"line":79,"column":6}},"22":{"start":{"line":80,"column":4},"end":{"line":111,"column":6}}},"branchMap":{"1":{"line":38,"type":"if","locations":[{"start":{"line":38,"column":4},"end":{"line":38,"column":4}},{"start":{"line":38,"column":4},"end":{"line":38,"column":4}}]},"2":{"line":40,"type":"if","locations":[{"start":{"line":40,"column":4},"end":{"line":40,"column":4}},{"start":{"line":40,"column":4},"end":{"line":40,"column":4}}]},"3":{"line":40,"type":"binary-expr","locations":[{"start":{"line":40,"column":8},"end":{"line":40,"column":36}},{"start":{"line":40,"column":40},"end":{"line":40,"column":79}}]},"4":{"line":48,"type":"if","locations":[{"start":{"line":48,"column":4},"end":{"line":48,"column":4}},{"start":{"line":48,"column":4},"end":{"line":48,"column":4}}]},"5":{"line":49,"type":"if","locations":[{"start":{"line":49,"column":4},"end":{"line":49,"column":4}},{"start":{"line":49,"column":4},"end":{"line":49,"column":4}}]},"6":{"line":68,"type":"if","locations":[{"start":{"line":68,"column":4},"end":{"line":68,"column":4}},{"start":{"line":68,"column":4},"end":{"line":68,"column":4}}]},"7":{"line":78,"type":"cond-expr","locations":[{"start":{"line":78,"column":74},"end":{"line":78,"column":81}},{"start":{"line":78,"column":84},"end":{"line":78,"column":90}}]},"8":{"line":78,"type":"binary-expr","locations":[{"start":{"line":78,"column":17},"end":{"line":78,"column":49}},{"start":{"line":78,"column":53},"end":{"line":78,"column":71}}]}}},"/Users/jodie.doubleday/Documents/GitHub/ui-toolkit/src/components/anchor/index.js":{"path":"/Users/jodie.doubleday/Documents/GitHub/ui-toolkit/src/components/anchor/index.js","s":{"1":1},"b":{},"f":{},"fnMap":{},"statementMap":{"1":{"start":{"line":2,"column":0},"end":{"line":2,"column":41}}},"branchMap":{}},"/Users/jodie.doubleday/Documents/GitHub/ui-toolkit/src/components/button/button.jsx":{"path":"/Users/jodie.doubleday/Documents/GitHub/ui-toolkit/src/components/button/button.jsx","s":{"1":1,"2":0,"3":0,"4":0,"5":0,"6":0,"7":0,"8":1,"9":1,"10":1,"11":1,"12":41,"13":41,"14":41,"15":1,"16":40},"b":{"1":[1,0],"2":[0,0],"3":[1,40]},"f":{"1":0,"2":41},"fnMap":{"1":{"name":"(anonymous_1)","line":4,"loc":{"start":{"line":4,"column":32},"end":{"line":4,"column":50}},"skip":true},"2":{"name":"render","line":26,"loc":{"start":{"line":26,"column":10},"end":{"line":26,"column":28}}}},"statementMap":{"1":{"start":{"line":4,"column":0},"end":{"line":4,"column":257},"skip":true},"2":{"start":{"line":4,"column":52},"end":{"line":4,"column":239},"skip":true},"3":{"start":{"line":4,"column":97},"end":{"line":4,"column":123},"skip":true},"4":{"start":{"line":4,"column":124},"end":{"line":4,"column":237},"skip":true},"5":{"start":{"line":4,"column":150},"end":{"line":4,"column":235},"skip":true},"6":{"start":{"line":4,"column":207},"end":{"line":4,"column":233},"skip":true},"7":{"start":{"line":4,"column":240},"end":{"line":4,"column":254},"skip":true},"8":{"start":{"line":6,"column":0},"end":{"line":6,"column":29}},"9":{"start":{"line":7,"column":0},"end":{"line":7,"column":65}},"10":{"start":{"line":8,"column":0},"end":{"line":8,"column":39}},"11":{"start":{"line":9,"column":0},"end":{"line":42,"column":3}},"12":{"start":{"line":27,"column":4},"end":{"line":27,"column":86}},"13":{"start":{"line":28,"column":4},"end":{"line":28,"column":59}},"14":{"start":{"line":29,"column":4},"end":{"line":35,"column":5}},"15":{"start":{"line":30,"column":6},"end":{"line":34,"column":8}},"16":{"start":{"line":36,"column":4},"end":{"line":40,"column":6}}},"branchMap":{"1":{"line":4,"type":"binary-expr","locations":[{"start":{"line":4,"column":15},"end":{"line":4,"column":28},"skip":true},{"start":{"line":4,"column":32},"end":{"line":4,"column":256},"skip":true}]},"2":{"line":4,"type":"if","locations":[{"start":{"line":4,"column":150},"end":{"line":4,"column":150},"skip":true},{"start":{"line":4,"column":150},"end":{"line":4,"column":150},"skip":true}]},"3":{"line":29,"type":"if","locations":[{"start":{"line":29,"column":4},"end":{"line":29,"column":4}},{"start":{"line":29,"column":4},"end":{"line":29,"column":4}}]}}},"/Users/jodie.doubleday/Documents/GitHub/ui-toolkit/src/components/countdown/lib/countdown.js":{"path":"/Users/jodie.doubleday/Documents/GitHub/ui-toolkit/src/components/countdown/lib/countdown.js","s":{"1":1,"2":1,"3":1,"4":1,"5":8,"6":8,"7":1,"8":1,"9":1,"10":1,"11":1,"12":1,"13":1,"14":1,"15":26,"16":26,"17":22,"18":4,"19":1,"20":10,"21":7,"22":3,"23":1,"24":13,"25":1,"26":11,"27":11,"28":11,"29":2,"30":9,"31":9},"b":{"1":[22,4],"2":[7,3],"3":[2,9]},"f":{"1":8,"2":1,"3":26,"4":10,"5":13,"6":11},"fnMap":{"1":{"name":"(anonymous_1)","line":6,"loc":{"start":{"line":6,"column":18},"end":{"line":6,"column":39}}},"2":{"name":"(anonymous_2)","line":17,"loc":{"start":{"line":17,"column":24},"end":{"line":17,"column":45}}},"3":{"name":"(anonymous_3)","line":27,"loc":{"start":{"line":27,"column":17},"end":{"line":27,"column":35}}},"4":{"name":"(anonymous_4)","line":35,"loc":{"start":{"line":35,"column":30},"end":{"line":35,"column":48}}},"5":{"name":"(anonymous_5)","line":42,"loc":{"start":{"line":42,"column":23},"end":{"line":42,"column":51}}},"6":{"name":"(anonymous_6)","line":46,"loc":{"start":{"line":46,"column":29},"end":{"line":46,"column":50}}}},"statementMap":{"1":{"start":{"line":2,"column":0},"end":{"line":2,"column":31}},"2":{"start":{"line":3,"column":0},"end":{"line":3,"column":19}},"3":{"start":{"line":4,"column":0},"end":{"line":4,"column":27}},"4":{"start":{"line":6,"column":0},"end":{"line":15,"column":2}},"5":{"start":{"line":7,"column":2},"end":{"line":7,"column":50}},"6":{"start":{"line":9,"column":2},"end":{"line":14,"column":4}},"7":{"start":{"line":17,"column":0},"end":{"line":24,"column":2}},"8":{"start":{"line":18,"column":2},"end":{"line":18,"column":39}},"9":{"start":{"line":19,"column":2},"end":{"line":19,"column":36}},"10":{"start":{"line":20,"column":2},"end":{"line":20,"column":46}},"11":{"start":{"line":21,"column":2},"end":{"line":21,"column":50}},"12":{"start":{"line":22,"column":2},"end":{"line":22,"column":51}},"13":{"start":{"line":23,"column":2},"end":{"line":23,"column":13}},"14":{"start":{"line":27,"column":0},"end":{"line":33,"column":2}},"15":{"start":{"line":28,"column":2},"end":{"line":28,"column":40}},"16":{"start":{"line":29,"column":2},"end":{"line":31,"column":3}},"17":{"start":{"line":30,"column":4},"end":{"line":30,"column":23}},"18":{"start":{"line":32,"column":2},"end":{"line":32,"column":22}},"19":{"start":{"line":35,"column":0},"end":{"line":40,"column":2}},"20":{"start":{"line":36,"column":2},"end":{"line":38,"column":3}},"21":{"start":{"line":37,"column":4},"end":{"line":37,"column":35}},"22":{"start":{"line":39,"column":2},"end":{"line":39,"column":32}},"23":{"start":{"line":42,"column":0},"end":{"line":44,"column":2}},"24":{"start":{"line":43,"column":2},"end":{"line":43,"column":48}},"25":{"start":{"line":46,"column":0},"end":{"line":54,"column":2}},"26":{"start":{"line":47,"column":2},"end":{"line":47,"column":32}},"27":{"start":{"line":48,"column":2},"end":{"line":48,"column":21}},"28":{"start":{"line":49,"column":2},"end":{"line":51,"column":3}},"29":{"start":{"line":50,"column":4},"end":{"line":50,"column":29}},"30":{"start":{"line":52,"column":2},"end":{"line":52,"column":43}},"31":{"start":{"line":53,"column":2},"end":{"line":53,"column":45}}},"branchMap":{"1":{"line":29,"type":"if","locations":[{"start":{"line":29,"column":2},"end":{"line":29,"column":2}},{"start":{"line":29,"column":2},"end":{"line":29,"column":2}}]},"2":{"line":36,"type":"if","locations":[{"start":{"line":36,"column":2},"end":{"line":36,"column":2}},{"start":{"line":36,"column":2},"end":{"line":36,"column":2}}]},"3":{"line":49,"type":"if","locations":[{"start":{"line":49,"column":2},"end":{"line":49,"column":2}},{"start":{"line":49,"column":2},"end":{"line":49,"column":2}}]}}},"/Users/jodie.doubleday/Documents/GitHub/ui-toolkit/src/components/countdown/lib/countdownManager.js":{"path":"/Users/jodie.doubleday/Documents/GitHub/ui-toolkit/src/components/countdown/lib/countdownManager.js","s":{"1":1,"2":1,"3":1,"4":8,"5":1,"6":1,"7":1,"8":1,"9":1,"10":3,"11":3,"12":1,"13":3,"14":5,"15":1,"16":5,"17":1,"18":4},"b":{"1":[1,4]},"f":{"1":8,"2":1,"3":3,"4":3,"5":5,"6":5,"7":4},"fnMap":{"1":{"name":"CountdownManager","line":5,"loc":{"start":{"line":5,"column":23},"end":{"line":5,"column":55}}},"2":{"name":"(anonymous_2)","line":13,"loc":{"start":{"line":13,"column":35},"end":{"line":13,"column":55}}},"3":{"name":"(anonymous_3)","line":17,"loc":{"start":{"line":17,"column":34},"end":{"line":17,"column":46}}},"4":{"name":"(anonymous_4)","line":22,"loc":{"start":{"line":22,"column":45},"end":{"line":22,"column":65}}},"5":{"name":"(anonymous_5)","line":23,"loc":{"start":{"line":23,"column":10},"end":{"line":23,"column":22}}},"6":{"name":"(anonymous_6)","line":28,"loc":{"start":{"line":28,"column":43},"end":{"line":28,"column":63}}},"7":{"name":"(anonymous_7)","line":32,"loc":{"start":{"line":32,"column":34},"end":{"line":32,"column":59}}}},"statementMap":{"1":{"start":{"line":2,"column":0},"end":{"line":2,"column":42}},"2":{"start":{"line":3,"column":0},"end":{"line":3,"column":31}},"3":{"start":{"line":5,"column":0},"end":{"line":7,"column":2}},"4":{"start":{"line":6,"column":2},"end":{"line":6,"column":19}},"5":{"start":{"line":9,"column":0},"end":{"line":9,"column":34}},"6":{"start":{"line":11,"column":0},"end":{"line":11,"column":42}},"7":{"start":{"line":13,"column":0},"end":{"line":15,"column":2}},"8":{"start":{"line":14,"column":2},"end":{"line":14,"column":100}},"9":{"start":{"line":17,"column":0},"end":{"line":20,"column":2}},"10":{"start":{"line":18,"column":2},"end":{"line":18,"column":33}},"11":{"start":{"line":19,"column":2},"end":{"line":19,"column":18}},"12":{"start":{"line":22,"column":0},"end":{"line":26,"column":2}},"13":{"start":{"line":23,"column":2},"end":{"line":25,"column":16}},"14":{"start":{"line":24,"column":4},"end":{"line":24,"column":26}},"15":{"start":{"line":28,"column":0},"end":{"line":30,"column":2}},"16":{"start":{"line":29,"column":2},"end":{"line":29,"column":94}},"17":{"start":{"line":32,"column":0},"end":{"line":34,"column":2}},"18":{"start":{"line":33,"column":2},"end":{"line":33,"column":62}}},"branchMap":{"1":{"line":29,"type":"cond-expr","locations":[{"start":{"line":29,"column":42},"end":{"line":29,"column":71}},{"start":{"line":29,"column":74},"end":{"line":29,"column":93}}]}}},"/Users/jodie.doubleday/Documents/GitHub/ui-toolkit/src/components/flag/flag.jsx":{"path":"/Users/jodie.doubleday/Documents/GitHub/ui-toolkit/src/components/flag/flag.jsx","s":{"1":1,"2":1,"3":1,"4":7,"5":7},"b":{},"f":{"1":7},"fnMap":{"1":{"name":"render","line":15,"loc":{"start":{"line":15,"column":10},"end":{"line":15,"column":28}}}},"statementMap":{"1":{"start":{"line":2,"column":0},"end":{"line":2,"column":29}},"2":{"start":{"line":3,"column":0},"end":{"line":3,"column":39}},"3":{"start":{"line":5,"column":0},"end":{"line":23,"column":3}},"4":{"start":{"line":16,"column":4},"end":{"line":16,"column":105}},"5":{"start":{"line":17,"column":4},"end":{"line":21,"column":6}}},"branchMap":{}},"/Users/jodie.doubleday/Documents/GitHub/ui-toolkit/src/components/icon-list-item/icon-list-item.jsx":{"path":"/Users/jodie.doubleday/Documents/GitHub/ui-toolkit/src/components/icon-list-item/icon-list-item.jsx","s":{"1":1,"2":1,"3":1,"4":11,"5":11},"b":{},"f":{"1":11},"fnMap":{"1":{"name":"render","line":16,"loc":{"start":{"line":16,"column":10},"end":{"line":16,"column":28}}}},"statementMap":{"1":{"start":{"line":2,"column":0},"end":{"line":2,"column":29}},"2":{"start":{"line":3,"column":0},"end":{"line":3,"column":39}},"3":{"start":{"line":5,"column":0},"end":{"line":25,"column":3}},"4":{"start":{"line":17,"column":4},"end":{"line":17,"column":111}},"5":{"start":{"line":18,"column":4},"end":{"line":23,"column":6}}},"branchMap":{}},"/Users/jodie.doubleday/Documents/GitHub/ui-toolkit/src/components/icon-list/icon-list.jsx":{"path":"/Users/jodie.doubleday/Documents/GitHub/ui-toolkit/src/components/icon-list/icon-list.jsx","s":{"1":1,"2":1,"3":2},"b":{},"f":{"1":2},"fnMap":{"1":{"name":"render","line":11,"loc":{"start":{"line":11,"column":10},"end":{"line":11,"column":28}}}},"statementMap":{"1":{"start":{"line":2,"column":0},"end":{"line":2,"column":29}},"2":{"start":{"line":4,"column":0},"end":{"line":18,"column":3}},"3":{"start":{"line":12,"column":4},"end":{"line":16,"column":6}}},"branchMap":{}},"/Users/jodie.doubleday/Documents/GitHub/ui-toolkit/src/components/image/image.jsx":{"path":"/Users/jodie.doubleday/Documents/GitHub/ui-toolkit/src/components/image/image.jsx","s":{"1":1,"2":0,"3":0,"4":0,"5":0,"6":0,"7":0,"8":1,"9":1,"10":1,"11":12,"12":12,"13":12,"14":5,"15":7},"b":{"1":[1,0],"2":[0,0],"3":[12,6],"4":[5,7]},"f":{"1":0,"2":12},"fnMap":{"1":{"name":"(anonymous_1)","line":4,"loc":{"start":{"line":4,"column":32},"end":{"line":4,"column":50}},"skip":true},"2":{"name":"render","line":23,"loc":{"start":{"line":23,"column":10},"end":{"line":23,"column":28}}}},"statementMap":{"1":{"start":{"line":4,"column":0},"end":{"line":4,"column":257},"skip":true},"2":{"start":{"line":4,"column":52},"end":{"line":4,"column":239},"skip":true},"3":{"start":{"line":4,"column":97},"end":{"line":4,"column":123},"skip":true},"4":{"start":{"line":4,"column":124},"end":{"line":4,"column":237},"skip":true},"5":{"start":{"line":4,"column":150},"end":{"line":4,"column":235},"skip":true},"6":{"start":{"line":4,"column":207},"end":{"line":4,"column":233},"skip":true},"7":{"start":{"line":4,"column":240},"end":{"line":4,"column":254},"skip":true},"8":{"start":{"line":6,"column":0},"end":{"line":6,"column":29}},"9":{"start":{"line":7,"column":0},"end":{"line":7,"column":65}},"10":{"start":{"line":9,"column":0},"end":{"line":35,"column":3}},"11":{"start":{"line":24,"column":4},"end":{"line":24,"column":59}},"12":{"start":{"line":25,"column":4},"end":{"line":25,"column":44}},"13":{"start":{"line":26,"column":4},"end":{"line":32,"column":5}},"14":{"start":{"line":27,"column":6},"end":{"line":31,"column":8}},"15":{"start":{"line":33,"column":4},"end":{"line":33,"column":214}}},"branchMap":{"1":{"line":4,"type":"binary-expr","locations":[{"start":{"line":4,"column":15},"end":{"line":4,"column":28},"skip":true},{"start":{"line":4,"column":32},"end":{"line":4,"column":256},"skip":true}]},"2":{"line":4,"type":"if","locations":[{"start":{"line":4,"column":150},"end":{"line":4,"column":150},"skip":true},{"start":{"line":4,"column":150},"end":{"line":4,"column":150},"skip":true}]},"3":{"line":25,"type":"binary-expr","locations":[{"start":{"line":25,"column":16},"end":{"line":25,"column":32}},{"start":{"line":25,"column":36},"end":{"line":25,"column":43}}]},"4":{"line":26,"type":"if","locations":[{"start":{"line":26,"column":4},"end":{"line":26,"column":4}},{"start":{"line":26,"column":4},"end":{"line":26,"column":4}}]}}},"/Users/jodie.doubleday/Documents/GitHub/ui-toolkit/src/components/input/input.jsx":{"path":"/Users/jodie.doubleday/Documents/GitHub/ui-toolkit/src/components/input/input.jsx","s":{"1":1,"2":1,"3":1,"4":37,"5":1,"6":3,"7":3,"8":3,"9":3,"10":1,"11":3,"12":1,"13":3,"14":3,"15":3,"16":3,"17":3,"18":3,"19":1,"20":3,"21":1,"22":41,"23":41,"24":41,"25":4,"26":41,"27":41,"28":0,"29":41},"b":{"1":[1,2],"2":[3,3],"3":[1,2],"4":[3,0],"5":[1,2],"6":[41,41],"7":[41,40],"8":[4,37],"9":[0,41]},"f":{"1":37,"2":1,"3":3,"4":3,"5":1,"6":41},"fnMap":{"1":{"name":"getInitialState","line":28,"loc":{"start":{"line":28,"column":19},"end":{"line":28,"column":46}}},"2":{"name":"getDefaultProps","line":36,"loc":{"start":{"line":36,"column":19},"end":{"line":36,"column":46}}},"3":{"name":"validate","line":49,"loc":{"start":{"line":49,"column":12},"end":{"line":49,"column":37}}},"4":{"name":"handleChange","line":68,"loc":{"start":{"line":68,"column":16},"end":{"line":68,"column":41}}},"5":{"name":"(anonymous_5)","line":77,"loc":{"start":{"line":77,"column":29},"end":{"line":77,"column":41}}},"6":{"name":"render","line":86,"loc":{"start":{"line":86,"column":10},"end":{"line":86,"column":28}}}},"statementMap":{"1":{"start":{"line":2,"column":0},"end":{"line":2,"column":29}},"2":{"start":{"line":3,"column":0},"end":{"line":3,"column":39}},"3":{"start":{"line":5,"column":0},"end":{"line":138,"column":3}},"4":{"start":{"line":29,"column":4},"end":{"line":33,"column":6}},"5":{"start":{"line":37,"column":4},"end":{"line":46,"column":6}},"6":{"start":{"line":50,"column":4},"end":{"line":50,"column":20}},"7":{"start":{"line":51,"column":4},"end":{"line":51,"column":23}},"8":{"start":{"line":52,"column":4},"end":{"line":52,"column":21}},"9":{"start":{"line":54,"column":4},"end":{"line":56,"column":5}},"10":{"start":{"line":55,"column":6},"end":{"line":55,"column":49}},"11":{"start":{"line":58,"column":4},"end":{"line":60,"column":5}},"12":{"start":{"line":59,"column":6},"end":{"line":59,"column":38}},"13":{"start":{"line":62,"column":4},"end":{"line":65,"column":7}},"14":{"start":{"line":69,"column":4},"end":{"line":69,"column":20}},"15":{"start":{"line":70,"column":4},"end":{"line":70,"column":49}},"16":{"start":{"line":72,"column":4},"end":{"line":74,"column":7}},"17":{"start":{"line":76,"column":4},"end":{"line":76,"column":30}},"18":{"start":{"line":77,"column":4},"end":{"line":79,"column":12}},"19":{"start":{"line":78,"column":6},"end":{"line":78,"column":27}},"20":{"start":{"line":81,"column":4},"end":{"line":83,"column":5}},"21":{"start":{"line":82,"column":6},"end":{"line":82,"column":53}},"22":{"start":{"line":87,"column":4},"end":{"line":91,"column":7}},"23":{"start":{"line":94,"column":4},"end":{"line":94,"column":14}},"24":{"start":{"line":96,"column":4},"end":{"line":102,"column":5}},"25":{"start":{"line":97,"column":6},"end":{"line":101,"column":8}},"26":{"start":{"line":108,"column":4},"end":{"line":108,"column":13}},"27":{"start":{"line":110,"column":4},"end":{"line":116,"column":5}},"28":{"start":{"line":111,"column":6},"end":{"line":115,"column":8}},"29":{"start":{"line":118,"column":4},"end":{"line":136,"column":6}}},"branchMap":{"1":{"line":54,"type":"if","locations":[{"start":{"line":54,"column":4},"end":{"line":54,"column":4}},{"start":{"line":54,"column":4},"end":{"line":54,"column":4}}]},"2":{"line":54,"type":"binary-expr","locations":[{"start":{"line":54,"column":8},"end":{"line":54,"column":20}},{"start":{"line":54,"column":24},"end":{"line":54,"column":67}}]},"3":{"line":58,"type":"if","locations":[{"start":{"line":58,"column":4},"end":{"line":58,"column":4}},{"start":{"line":58,"column":4},"end":{"line":58,"column":4}}]},"4":{"line":70,"type":"cond-expr","locations":[{"start":{"line":70,"column":27},"end":{"line":70,"column":41}},{"start":{"line":70,"column":44},"end":{"line":70,"column":48}}]},"5":{"line":81,"type":"if","locations":[{"start":{"line":81,"column":4},"end":{"line":81,"column":4}},{"start":{"line":81,"column":4},"end":{"line":81,"column":4}}]},"6":{"line":89,"type":"binary-expr","locations":[{"start":{"line":89,"column":15},"end":{"line":89,"column":31}},{"start":{"line":89,"column":35},"end":{"line":89,"column":40}}]},"7":{"line":90,"type":"binary-expr","locations":[{"start":{"line":90,"column":18},"end":{"line":90,"column":37}},{"start":{"line":90,"column":41},"end":{"line":90,"column":46}}]},"8":{"line":96,"type":"if","locations":[{"start":{"line":96,"column":4},"end":{"line":96,"column":4}},{"start":{"line":96,"column":4},"end":{"line":96,"column":4}}]},"9":{"line":110,"type":"if","locations":[{"start":{"line":110,"column":4},"end":{"line":110,"column":4}},{"start":{"line":110,"column":4},"end":{"line":110,"column":4}}]}}},"/Users/jodie.doubleday/Documents/GitHub/ui-toolkit/src/components/lozenge/lozenge.jsx":{"path":"/Users/jodie.doubleday/Documents/GitHub/ui-toolkit/src/components/lozenge/lozenge.jsx","s":{"1":1,"2":1,"3":1,"4":14,"5":14},"b":{},"f":{"1":14},"fnMap":{"1":{"name":"render","line":15,"loc":{"start":{"line":15,"column":10},"end":{"line":15,"column":28}}}},"statementMap":{"1":{"start":{"line":2,"column":0},"end":{"line":2,"column":29}},"2":{"start":{"line":3,"column":0},"end":{"line":3,"column":39}},"3":{"start":{"line":5,"column":0},"end":{"line":23,"column":3}},"4":{"start":{"line":16,"column":4},"end":{"line":16,"column":87}},"5":{"start":{"line":17,"column":4},"end":{"line":21,"column":6}}},"branchMap":{}},"/Users/jodie.doubleday/Documents/GitHub/ui-toolkit/src/components/payment-card/payment-card.jsx":{"path":"/Users/jodie.doubleday/Documents/GitHub/ui-toolkit/src/components/payment-card/payment-card.jsx","s":{"1":1,"2":1,"3":1,"4":21,"5":21},"b":{},"f":{"1":21},"fnMap":{"1":{"name":"render","line":13,"loc":{"start":{"line":13,"column":10},"end":{"line":13,"column":28}}}},"statementMap":{"1":{"start":{"line":2,"column":0},"end":{"line":2,"column":29}},"2":{"start":{"line":3,"column":0},"end":{"line":3,"column":39}},"3":{"start":{"line":5,"column":0},"end":{"line":17,"column":3}},"4":{"start":{"line":14,"column":4},"end":{"line":14,"column":89}},"5":{"start":{"line":15,"column":4},"end":{"line":15,"column":62}}},"branchMap":{}},"/Users/jodie.doubleday/Documents/GitHub/ui-toolkit/src/components/quote/quote.jsx":{"path":"/Users/jodie.doubleday/Documents/GitHub/ui-toolkit/src/components/quote/quote.jsx","s":{"1":1,"2":1,"3":1,"4":7,"5":7,"6":1,"7":6},"b":{"1":[1,6],"2":[0,1],"3":[1,5]},"f":{"1":7},"fnMap":{"1":{"name":"render","line":19,"loc":{"start":{"line":19,"column":10},"end":{"line":19,"column":28}}}},"statementMap":{"1":{"start":{"line":2,"column":0},"end":{"line":2,"column":29}},"2":{"start":{"line":3,"column":0},"end":{"line":3,"column":39}},"3":{"start":{"line":5,"column":0},"end":{"line":64,"column":3}},"4":{"start":{"line":20,"column":4},"end":{"line":20,"column":102}},"5":{"start":{"line":21,"column":4},"end":{"line":34,"column":5}},"6":{"start":{"line":22,"column":6},"end":{"line":33,"column":8}},"7":{"start":{"line":35,"column":4},"end":{"line":62,"column":6}}},"branchMap":{"1":{"line":21,"type":"if","locations":[{"start":{"line":21,"column":4},"end":{"line":21,"column":4}},{"start":{"line":21,"column":4},"end":{"line":21,"column":4}}]},"2":{"line":26,"type":"cond-expr","locations":[{"start":{"line":26,"column":26},"end":{"line":26,"column":105}},{"start":{"line":26,"column":108},"end":{"line":26,"column":112}}]},"3":{"line":56,"type":"cond-expr","locations":[{"start":{"line":56,"column":26},"end":{"line":60,"column":9}},{"start":{"line":60,"column":12},"end":{"line":60,"column":16}}]}}},"/Users/jodie.doubleday/Documents/GitHub/ui-toolkit/src/components/rating/rating.jsx":{"path":"/Users/jodie.doubleday/Documents/GitHub/ui-toolkit/src/components/rating/rating.jsx","s":{"1":1,"2":1,"3":3,"4":3,"5":3,"6":12,"7":3,"8":1,"9":1,"10":3},"b":{"1":[4,8],"2":[1,2],"3":[3,1]},"f":{"1":3},"fnMap":{"1":{"name":"render","line":14,"loc":{"start":{"line":14,"column":10},"end":{"line":14,"column":28}}}},"statementMap":{"1":{"start":{"line":2,"column":0},"end":{"line":2,"column":29}},"2":{"start":{"line":4,"column":0},"end":{"line":35,"column":3}},"3":{"start":{"line":15,"column":4},"end":{"line":15,"column":21}},"4":{"start":{"line":16,"column":4},"end":{"line":16,"column":26}},"5":{"start":{"line":18,"column":4},"end":{"line":20,"column":5}},"6":{"start":{"line":19,"column":6},"end":{"line":19,"column":122}},"7":{"start":{"line":22,"column":4},"end":{"line":26,"column":5}},"8":{"start":{"line":23,"column":6},"end":{"line":25,"column":7}},"9":{"start":{"line":24,"column":8},"end":{"line":24,"column":48}},"10":{"start":{"line":28,"column":4},"end":{"line":33,"column":6}}},"branchMap":{"1":{"line":19,"type":"cond-expr","locations":[{"start":{"line":19,"column":41},"end":{"line":19,"column":60}},{"start":{"line":19,"column":63},"end":{"line":19,"column":120}}]},"2":{"line":22,"type":"if","locations":[{"start":{"line":22,"column":4},"end":{"line":22,"column":4}},{"start":{"line":22,"column":4},"end":{"line":22,"column":4}}]},"3":{"line":22,"type":"binary-expr","locations":[{"start":{"line":22,"column":8},"end":{"line":22,"column":24}},{"start":{"line":22,"column":28},"end":{"line":22,"column":48}}]}}},"/Users/jodie.doubleday/Documents/GitHub/ui-toolkit/src/components/reviews/reviews.jsx":{"path":"/Users/jodie.doubleday/Documents/GitHub/ui-toolkit/src/components/reviews/reviews.jsx","s":{"1":1,"2":1,"3":1},"b":{},"f":{"1":1},"fnMap":{"1":{"name":"render","line":11,"loc":{"start":{"line":11,"column":10},"end":{"line":11,"column":28}}}},"statementMap":{"1":{"start":{"line":2,"column":0},"end":{"line":2,"column":29}},"2":{"start":{"line":4,"column":0},"end":{"line":45,"column":3}},"3":{"start":{"line":12,"column":4},"end":{"line":43,"column":6}}},"branchMap":{}},"/Users/jodie.doubleday/Documents/GitHub/ui-toolkit/src/components/stepper/stepper.jsx":{"path":"/Users/jodie.doubleday/Documents/GitHub/ui-toolkit/src/components/stepper/stepper.jsx","s":{"1":1,"2":1,"3":1,"4":1,"5":1,"6":2,"7":1,"8":1,"9":2,"10":1,"11":1,"12":24,"13":2,"14":22,"15":22,"16":2,"17":20,"18":17},"b":{"1":[1,1],"2":[1,1],"3":[2,22],"4":[2,20]},"f":{"1":1,"2":2,"3":2,"4":24,"5":22,"6":17},"fnMap":{"1":{"name":"getDefaultProps","line":22,"loc":{"start":{"line":22,"column":19},"end":{"line":22,"column":46}}},"2":{"name":"decrement","line":31,"loc":{"start":{"line":31,"column":13},"end":{"line":31,"column":34}}},"3":{"name":"increment","line":36,"loc":{"start":{"line":36,"column":13},"end":{"line":36,"column":34}}},"4":{"name":"canIncrement","line":41,"loc":{"start":{"line":41,"column":16},"end":{"line":41,"column":40}}},"5":{"name":"canDecrement","line":46,"loc":{"start":{"line":46,"column":16},"end":{"line":46,"column":40}}},"6":{"name":"render","line":51,"loc":{"start":{"line":51,"column":10},"end":{"line":51,"column":28}}}},"statementMap":{"1":{"start":{"line":3,"column":0},"end":{"line":3,"column":29}},"2":{"start":{"line":4,"column":0},"end":{"line":4,"column":34}},"3":{"start":{"line":5,"column":0},"end":{"line":5,"column":32}},"4":{"start":{"line":7,"column":0},"end":{"line":89,"column":3}},"5":{"start":{"line":23,"column":4},"end":{"line":28,"column":6}},"6":{"start":{"line":32,"column":4},"end":{"line":32,"column":37}},"7":{"start":{"line":32,"column":30},"end":{"line":32,"column":37}},"8":{"start":{"line":33,"column":4},"end":{"line":33,"column":65}},"9":{"start":{"line":37,"column":4},"end":{"line":37,"column":37}},"10":{"start":{"line":37,"column":30},"end":{"line":37,"column":37}},"11":{"start":{"line":38,"column":4},"end":{"line":38,"column":65}},"12":{"start":{"line":42,"column":4},"end":{"line":42,"column":55}},"13":{"start":{"line":42,"column":43},"end":{"line":42,"column":55}},"14":{"start":{"line":43,"column":4},"end":{"line":43,"column":50}},"15":{"start":{"line":47,"column":4},"end":{"line":47,"column":55}},"16":{"start":{"line":47,"column":43},"end":{"line":47,"column":55}},"17":{"start":{"line":48,"column":4},"end":{"line":48,"column":50}},"18":{"start":{"line":52,"column":4},"end":{"line":87,"column":6}}},"branchMap":{"1":{"line":32,"type":"if","locations":[{"start":{"line":32,"column":4},"end":{"line":32,"column":4}},{"start":{"line":32,"column":4},"end":{"line":32,"column":4}}]},"2":{"line":37,"type":"if","locations":[{"start":{"line":37,"column":4},"end":{"line":37,"column":4}},{"start":{"line":37,"column":4},"end":{"line":37,"column":4}}]},"3":{"line":42,"type":"if","locations":[{"start":{"line":42,"column":4},"end":{"line":42,"column":4}},{"start":{"line":42,"column":4},"end":{"line":42,"column":4}}]},"4":{"line":47,"type":"if","locations":[{"start":{"line":47,"column":4},"end":{"line":47,"column":4}},{"start":{"line":47,"column":4},"end":{"line":47,"column":4}}]}}},"/Users/jodie.doubleday/Documents/GitHub/ui-toolkit/src/components/button/index.js":{"path":"/Users/jodie.doubleday/Documents/GitHub/ui-toolkit/src/components/button/index.js","s":{"1":1},"b":{},"f":{},"fnMap":{},"statementMap":{"1":{"start":{"line":2,"column":0},"end":{"line":2,"column":41}}},"branchMap":{}},"/Users/jodie.doubleday/Documents/GitHub/ui-toolkit/src/components/input/index.js":{"path":"/Users/jodie.doubleday/Documents/GitHub/ui-toolkit/src/components/input/index.js","s":{"1":1},"b":{},"f":{},"fnMap":{},"statementMap":{"1":{"start":{"line":2,"column":0},"end":{"line":2,"column":40}}},"branchMap":{}},"/Users/jodie.doubleday/Documents/GitHub/ui-toolkit/src/components/tile/tile.jsx":{"path":"/Users/jodie.doubleday/Documents/GitHub/ui-toolkit/src/components/tile/tile.jsx","s":{"1":1,"2":1,"3":1,"4":1},"b":{},"f":{"1":1},"fnMap":{"1":{"name":"render","line":14,"loc":{"start":{"line":14,"column":10},"end":{"line":14,"column":28}}}},"statementMap":{"1":{"start":{"line":2,"column":0},"end":{"line":2,"column":29}},"2":{"start":{"line":3,"column":0},"end":{"line":3,"column":32}},"3":{"start":{"line":5,"column":0},"end":{"line":31,"column":3}},"4":{"start":{"line":15,"column":4},"end":{"line":29,"column":6}}},"branchMap":{}},"/Users/jodie.doubleday/Documents/GitHub/ui-toolkit/src/components/image/index.js":{"path":"/Users/jodie.doubleday/Documents/GitHub/ui-toolkit/src/components/image/index.js","s":{"1":1},"b":{},"f":{},"fnMap":{},"statementMap":{"1":{"start":{"line":2,"column":0},"end":{"line":2,"column":40}}},"branchMap":{}}}