TN:
SF:/Users/jodie.doubleday/Documents/GitHub/ui-toolkit/src/components/alert/alert.jsx
FN:15,render
FNF:1
FNH:1
FNDA:9,render
DA:2,1
DA:3,1
DA:5,1
DA:16,9
DA:17,9
LF:5
LH:5
BRDA:20,1,0,2
BRDA:20,1,1,7
BRF:2
BRH:2
end_of_record
TN:
SF:/Users/jodie.doubleday/Documents/GitHub/ui-toolkit/src/components/anchor/anchor.jsx
FN:4,(anonymous_1)
FN:14,getDefaultProps
FN:31,render
FNF:3
FNH:3
FNDA:0,(anonymous_1)
FNDA:1,getDefaultProps
FNDA:14,render
DA:4,1
DA:6,1
DA:7,1
DA:9,1
DA:15,1
DA:32,14
DA:33,1
DA:35,13
DA:36,13
LF:9
LH:9
BRDA:4,1,0,1
BRDA:4,1,1,0
BRDA:4,2,0,0
BRDA:4,2,1,0
BRDA:32,3,0,1
BRDA:32,3,1,13
BRF:6
BRH:6
end_of_record
TN:
SF:/Users/jodie.doubleday/Documents/GitHub/ui-toolkit/src/components/basket-item/basket-item.jsx
FN:18,getInitialState
FN:23,getDefaultProps
FN:34,toggleDescriptionVisibility
FN:37,titleNode
FN:47,priceNode
FN:67,removeNode
FN:75,render
FNF:7
FNH:7
FNDA:14,getInitialState
FNDA:1,getDefaultProps
FNDA:1,toggleDescriptionVisibility
FNDA:15,titleNode
FNDA:15,priceNode
FNDA:15,removeNode
FNDA:15,render
DA:2,1
DA:3,1
DA:5,1
DA:19,14
DA:24,1
DA:35,1
DA:38,15
DA:40,5
DA:45,2
DA:48,15
DA:49,4
DA:50,1
DA:52,3
DA:68,15
DA:69,1
DA:76,15
DA:77,15
DA:80,15
LF:18
LH:18
BRDA:38,1,0,10
BRDA:38,1,1,5
BRDA:40,2,0,3
BRDA:40,2,1,2
BRDA:40,3,0,5
BRDA:40,3,1,3
BRDA:48,4,0,11
BRDA:48,4,1,4
BRDA:49,5,0,1
BRDA:49,5,1,3
BRDA:68,6,0,14
BRDA:68,6,1,1
BRDA:78,7,0,13
BRDA:78,7,1,2
BRDA:78,8,0,15
BRDA:78,8,1,3
BRF:16
BRH:16
end_of_record
TN:
SF:/Users/jodie.doubleday/Documents/GitHub/ui-toolkit/src/components/anchor/index.js
FNF:0
FNH:0
DA:2,1
LF:1
LH:1
BRF:0
BRH:0
end_of_record
TN:
SF:/Users/jodie.doubleday/Documents/GitHub/ui-toolkit/src/components/button/button.jsx
FN:4,(anonymous_1)
FN:26,render
FNF:2
FNH:2
FNDA:0,(anonymous_1)
FNDA:41,render
DA:4,1
DA:6,1
DA:7,1
DA:8,1
DA:9,1
DA:27,41
DA:28,41
DA:29,41
DA:30,1
DA:36,40
LF:10
LH:10
BRDA:4,1,0,1
BRDA:4,1,1,0
BRDA:4,2,0,0
BRDA:4,2,1,0
BRDA:29,3,0,1
BRDA:29,3,1,40
BRF:6
BRH:6
end_of_record
TN:
SF:/Users/jodie.doubleday/Documents/GitHub/ui-toolkit/src/components/countdown/lib/countdown.js
FN:6,(anonymous_1)
FN:17,(anonymous_2)
FN:27,(anonymous_3)
FN:35,(anonymous_4)
FN:42,(anonymous_5)
FN:46,(anonymous_6)
FNF:6
FNH:6
FNDA:8,(anonymous_1)
FNDA:1,(anonymous_2)
FNDA:26,(anonymous_3)
FNDA:10,(anonymous_4)
FNDA:13,(anonymous_5)
FNDA:11,(anonymous_6)
DA:2,1
DA:3,1
DA:4,1
DA:6,1
DA:7,8
DA:9,8
DA:17,1
DA:18,1
DA:19,1
DA:20,1
DA:21,1
DA:22,1
DA:23,1
DA:27,1
DA:28,26
DA:29,26
DA:30,22
DA:32,4
DA:35,1
DA:36,10
DA:37,7
DA:39,3
DA:42,1
DA:43,13
DA:46,1
DA:47,11
DA:48,11
DA:49,11
DA:50,2
DA:52,9
DA:53,9
LF:31
LH:31
BRDA:29,1,0,22
BRDA:29,1,1,4
BRDA:36,2,0,7
BRDA:36,2,1,3
BRDA:49,3,0,2
BRDA:49,3,1,9
BRF:6
BRH:6
end_of_record
TN:
SF:/Users/jodie.doubleday/Documents/GitHub/ui-toolkit/src/components/countdown/lib/countdownManager.js
FN:5,CountdownManager
FN:13,(anonymous_2)
FN:17,(anonymous_3)
FN:22,(anonymous_4)
FN:23,(anonymous_5)
FN:28,(anonymous_6)
FN:32,(anonymous_7)
FNF:7
FNH:7
FNDA:8,CountdownManager
FNDA:1,(anonymous_2)
FNDA:3,(anonymous_3)
FNDA:3,(anonymous_4)
FNDA:5,(anonymous_5)
FNDA:5,(anonymous_6)
FNDA:4,(anonymous_7)
DA:2,1
DA:3,1
DA:5,1
DA:6,8
DA:9,1
DA:11,1
DA:13,1
DA:14,1
DA:17,1
DA:18,3
DA:19,3
DA:22,1
DA:23,3
DA:24,5
DA:28,1
DA:29,5
DA:32,1
DA:33,4
LF:18
LH:18
BRDA:29,1,0,1
BRDA:29,1,1,4
BRF:2
BRH:2
end_of_record
TN:
SF:/Users/jodie.doubleday/Documents/GitHub/ui-toolkit/src/components/flag/flag.jsx
FN:15,render
FNF:1
FNH:1
FNDA:7,render
DA:2,1
DA:3,1
DA:5,1
DA:16,7
DA:17,7
LF:5
LH:5
BRF:0
BRH:0
end_of_record
TN:
SF:/Users/jodie.doubleday/Documents/GitHub/ui-toolkit/src/components/icon-list-item/icon-list-item.jsx
FN:16,render
FNF:1
FNH:1
FNDA:11,render
DA:2,1
DA:3,1
DA:5,1
DA:17,11
DA:18,11
LF:5
LH:5
BRF:0
BRH:0
end_of_record
TN:
SF:/Users/jodie.doubleday/Documents/GitHub/ui-toolkit/src/components/icon-list/icon-list.jsx
FN:11,render
FNF:1
FNH:1
FNDA:2,render
DA:2,1
DA:4,1
DA:12,2
LF:3
LH:3
BRF:0
BRH:0
end_of_record
TN:
SF:/Users/jodie.doubleday/Documents/GitHub/ui-toolkit/src/components/image/image.jsx
FN:4,(anonymous_1)
FN:23,render
FNF:2
FNH:2
FNDA:0,(anonymous_1)
FNDA:12,render
DA:4,1
DA:6,1
DA:7,1
DA:9,1
DA:24,12
DA:25,12
DA:26,12
DA:27,5
DA:33,7
LF:9
LH:9
BRDA:4,1,0,1
BRDA:4,1,1,0
BRDA:4,2,0,0
BRDA:4,2,1,0
BRDA:25,3,0,12
BRDA:25,3,1,6
BRDA:26,4,0,5
BRDA:26,4,1,7
BRF:8
BRH:8
end_of_record
TN:
SF:/Users/jodie.doubleday/Documents/GitHub/ui-toolkit/src/components/input/input.jsx
FN:28,getInitialState
FN:36,getDefaultProps
FN:49,validate
FN:68,handleChange
FN:77,(anonymous_5)
FN:86,render
FNF:6
FNH:6
FNDA:37,getInitialState
FNDA:1,getDefaultProps
FNDA:3,validate
FNDA:3,handleChange
FNDA:1,(anonymous_5)
FNDA:41,render
DA:2,1
DA:3,1
DA:5,1
DA:29,37
DA:37,1
DA:50,3
DA:51,3
DA:52,3
DA:54,3
DA:55,1
DA:58,3
DA:59,1
DA:62,3
DA:69,3
DA:70,3
DA:72,3
DA:76,3
DA:77,3
DA:78,1
DA:81,3
DA:82,1
DA:87,41
DA:94,41
DA:96,41
DA:97,4
DA:108,41
DA:110,41
DA:111,0
DA:118,41
LF:29
LH:28
BRDA:54,1,0,1
BRDA:54,1,1,2
BRDA:54,2,0,3
BRDA:54,2,1,3
BRDA:58,3,0,1
BRDA:58,3,1,2
BRDA:70,4,0,3
BRDA:70,4,1,0
BRDA:81,5,0,1
BRDA:81,5,1,2
BRDA:89,6,0,41
BRDA:89,6,1,41
BRDA:90,7,0,41
BRDA:90,7,1,40
BRDA:96,8,0,4
BRDA:96,8,1,37
BRDA:110,9,0,0
BRDA:110,9,1,41
BRF:18
BRH:16
end_of_record
TN:
SF:/Users/jodie.doubleday/Documents/GitHub/ui-toolkit/src/components/lozenge/lozenge.jsx
FN:15,render
FNF:1
FNH:1
FNDA:14,render
DA:2,1
DA:3,1
DA:5,1
DA:16,14
DA:17,14
LF:5
LH:5
BRF:0
BRH:0
end_of_record
TN:
SF:/Users/jodie.doubleday/Documents/GitHub/ui-toolkit/src/components/payment-card/payment-card.jsx
FN:13,render
FNF:1
FNH:1
FNDA:21,render
DA:2,1
DA:3,1
DA:5,1
DA:14,21
DA:15,21
LF:5
LH:5
BRF:0
BRH:0
end_of_record
TN:
SF:/Users/jodie.doubleday/Documents/GitHub/ui-toolkit/src/components/quote/quote.jsx
FN:19,render
FNF:1
FNH:1
FNDA:7,render
DA:2,1
DA:3,1
DA:5,1
DA:20,7
DA:21,7
DA:22,1
DA:35,6
LF:7
LH:7
BRDA:21,1,0,1
BRDA:21,1,1,6
BRDA:26,2,0,0
BRDA:26,2,1,1
BRDA:56,3,0,1
BRDA:56,3,1,5
BRF:6
BRH:5
end_of_record
TN:
SF:/Users/jodie.doubleday/Documents/GitHub/ui-toolkit/src/components/rating/rating.jsx
FN:14,render
FNF:1
FNH:1
FNDA:3,render
DA:2,1
DA:4,1
DA:15,3
DA:16,3
DA:18,3
DA:19,12
DA:22,3
DA:23,1
DA:24,1
DA:28,3
LF:10
LH:10
BRDA:19,1,0,4
BRDA:19,1,1,8
BRDA:22,2,0,1
BRDA:22,2,1,2
BRDA:22,3,0,3
BRDA:22,3,1,1
BRF:6
BRH:6
end_of_record
TN:
SF:/Users/jodie.doubleday/Documents/GitHub/ui-toolkit/src/components/reviews/reviews.jsx
FN:11,render
FNF:1
FNH:1
FNDA:1,render
DA:2,1
DA:4,1
DA:12,1
LF:3
LH:3
BRF:0
BRH:0
end_of_record
TN:
SF:/Users/jodie.doubleday/Documents/GitHub/ui-toolkit/src/components/stepper/stepper.jsx
FN:22,getDefaultProps
FN:31,decrement
FN:36,increment
FN:41,canIncrement
FN:46,canDecrement
FN:51,render
FNF:6
FNH:6
FNDA:1,getDefaultProps
FNDA:2,decrement
FNDA:2,increment
FNDA:24,canIncrement
FNDA:22,canDecrement
FNDA:17,render
DA:3,1
DA:4,1
DA:5,1
DA:7,1
DA:23,1
DA:32,2
DA:33,1
DA:37,2
DA:38,1
DA:42,24
DA:43,22
DA:47,22
DA:48,20
DA:52,17
LF:14
LH:14
BRDA:32,1,0,1
BRDA:32,1,1,1
BRDA:37,2,0,1
BRDA:37,2,1,1
BRDA:42,3,0,2
BRDA:42,3,1,22
BRDA:47,4,0,2
BRDA:47,4,1,20
BRF:8
BRH:8
end_of_record
TN:
SF:/Users/jodie.doubleday/Documents/GitHub/ui-toolkit/src/components/button/index.js
FNF:0
FNH:0
DA:2,1
LF:1
LH:1
BRF:0
BRH:0
end_of_record
TN:
SF:/Users/jodie.doubleday/Documents/GitHub/ui-toolkit/src/components/input/index.js
FNF:0
FNH:0
DA:2,1
LF:1
LH:1
BRF:0
BRH:0
end_of_record
TN:
SF:/Users/jodie.doubleday/Documents/GitHub/ui-toolkit/src/components/tile/tile.jsx
FN:14,render
FNF:1
FNH:1
FNDA:1,render
DA:2,1
DA:3,1
DA:5,1
DA:15,1
LF:4
LH:4
BRF:0
BRH:0
end_of_record
TN:
SF:/Users/jodie.doubleday/Documents/GitHub/ui-toolkit/src/components/image/index.js
FNF:0
FNH:0
DA:2,1
LF:1
LH:1
BRF:0
BRH:0
end_of_record
